<?xml version="1.0" encoding="UTF-8"?>
<testsuite name="com.kodilla.matrix.patterns2.adapter.bookclassifier.MedianAdapterTestSuite" tests="1" skipped="0" failures="0" errors="0" timestamp="2023-02-24T15:13:12" hostname="LAPTOP-6257JG67" time="0.031">
  <properties/>
  <testcase name="testMedian()" classname="com.kodilla.matrix.patterns2.adapter.bookclassifier.MedianAdapterTestSuite" time="0.031"/>
  <system-out><![CDATA[SIGNATURE: 'Bk1' = AUTHOR: Ken Kesey, TITLE: 'One Flew Over the Cuckoo’s Nest', YEAR OF PUBLICATION: (1962)
SIGNATURE: 'Bk3' = AUTHOR: Garth Ennis and Steve Dillon, TITLE: 'Preacher', YEAR OF PUBLICATION: (2019)
SIGNATURE: 'Bk2' = AUTHOR: Charles Dickens, TITLE: 'Hard Times', YEAR OF PUBLICATION: (2018)
SIGNATURE: 'Bk5' = AUTHOR: Fyodor Dostoyevsky, TITLE: 'Crime and Punishment', YEAR OF PUBLICATION: (2020)
SIGNATURE: 'Bk4' = AUTHOR: Roddy Doyle, TITLE: 'Two Pints', YEAR OF PUBLICATION: (2011)
2018
]]></system-out>
  <system-err><![CDATA[]]></system-err>
</testsuite>
